<?xml version="1.0" encoding="UTF-8"?>
<!-- Generated by org.testng.reporters.JUnitReportReporter -->
<testsuite hostname="MT-PF1EC20L" failures="0" tests="1" name="Runner.TestCase3" time="74.408" errors="0" timestamp="19 Nov 2021 13:50:55 GMT" skipped="0">
  <testcase classname="Runner.TestCase3" name="TC3" time="74.408"/>
</testsuite> <!-- Runner.TestCase3 -->
