<?xml version="1.0" encoding="UTF-8"?>
<!-- Generated by org.testng.reporters.JUnitReportReporter -->
<testsuite hostname="MT-PF1EC20L" failures="0" tests="1" name="Runner.TestCase1" time="41.285" errors="0" timestamp="19 Nov 2021 13:50:55 GMT" skipped="0">
  <testcase classname="Runner.TestCase1" name="TC1" time="41.285"/>
</testsuite> <!-- Runner.TestCase1 -->
