<?xml version="1.0" encoding="UTF-8"?>
<!-- Generated by org.testng.reporters.JUnitReportReporter -->
<testsuite hostname="MT-PF1EC20L" failures="0" tests="1" name="Runner.TestCase2" time="15.318" errors="0" timestamp="22 Nov 2021 04:30:26 GMT" skipped="0">
  <testcase classname="Runner.TestCase2" name="TC2" time="15.318"/>
</testsuite> <!-- Runner.TestCase2 -->
